Replace Part C11 CAP in C:\Users\idiaz\Documents\allin\Lens-PCB\Lens-Maker\ESP32_Block.SchDoc with CAP from Library.IntLib
Replace Part C12 CAP in C:\Users\idiaz\Documents\allin\Lens-PCB\Lens-Maker\ESP32_Block.SchDoc with CAP from Library.IntLib
Replace Part C13 CAP in C:\Users\idiaz\Documents\allin\Lens-PCB\Lens-Maker\ESP32_Block.SchDoc with CAP from Library.IntLib
Replace Part C14 CAP in C:\Users\idiaz\Documents\allin\Lens-PCB\Lens-Maker\ESP32_Block.SchDoc with CAP from Library.IntLib
Replace Part C15 CAP in C:\Users\idiaz\Documents\allin\Lens-PCB\Lens-Maker\ESP32_Block.SchDoc with CAP from Library.IntLib
Replace Part C16 CAP in C:\Users\idiaz\Documents\allin\Lens-PCB\Lens-Maker\ESP32_Block.SchDoc with CAP from Library.IntLib
Replace Part C17 CAP in C:\Users\idiaz\Documents\allin\Lens-PCB\Lens-Maker\ESP32_Block.SchDoc with CAP from Library.IntLib
Replace Part C18 CAP in C:\Users\idiaz\Documents\allin\Lens-PCB\Lens-Maker\ESP32_Block.SchDoc with CAP from Library.IntLib
Replace Part C19 CAP in C:\Users\idiaz\Documents\allin\Lens-PCB\Lens-Maker\ESP32_Block.SchDoc with CAP from Library.IntLib
Replace Part P6 PZ254V-11-04P in C:\Users\idiaz\Documents\allin\Lens-PCB\Lens-Maker\ESP32_Block.SchDoc with PZ254V-11-04P from Library.IntLib
Replace Part Q1 S8050 in C:\Users\idiaz\Documents\allin\Lens-PCB\Lens-Maker\ESP32_Block.SchDoc with S8050 from Library.IntLib
Replace Part Q2 S8050 in C:\Users\idiaz\Documents\allin\Lens-PCB\Lens-Maker\ESP32_Block.SchDoc with S8050 from Library.IntLib
Replace Part R9 RES in C:\Users\idiaz\Documents\allin\Lens-PCB\Lens-Maker\ESP32_Block.SchDoc with RES from Library.IntLib
Replace Part R10 RES in C:\Users\idiaz\Documents\allin\Lens-PCB\Lens-Maker\ESP32_Block.SchDoc with RES from Library.IntLib
Replace Part R11 RES in C:\Users\idiaz\Documents\allin\Lens-PCB\Lens-Maker\ESP32_Block.SchDoc with RES from Library.IntLib
Replace Part R12 RES in C:\Users\idiaz\Documents\allin\Lens-PCB\Lens-Maker\ESP32_Block.SchDoc with RES from Library.IntLib
Replace Part R13 RES in C:\Users\idiaz\Documents\allin\Lens-PCB\Lens-Maker\ESP32_Block.SchDoc with RES from Library.IntLib
Replace Part S1 PUSHBUTTON in C:\Users\idiaz\Documents\allin\Lens-PCB\Lens-Maker\ESP32_Block.SchDoc with PUSHBUTTON from Library.IntLib
Replace Part U2 ESP32-WROOM-32E in C:\Users\idiaz\Documents\allin\Lens-PCB\Lens-Maker\ESP32_Block.SchDoc with ESP32-WROOM-32E from Library.IntLib
Replace Part U2 ESP32-WROOM-32E in C:\Users\idiaz\Documents\allin\Lens-PCB\Lens-Maker\ESP32_Block.SchDoc with ESP32-WROOM-32E from Library.IntLib
Replace Part U2 ESP32-WROOM-32E in C:\Users\idiaz\Documents\allin\Lens-PCB\Lens-Maker\ESP32_Block.SchDoc with ESP32-WROOM-32E from Library.IntLib
Replace Part U2 ESP32-WROOM-32E in C:\Users\idiaz\Documents\allin\Lens-PCB\Lens-Maker\ESP32_Block.SchDoc with ESP32-WROOM-32E from Library.IntLib
Replace Part U2 ESP32-WROOM-32E in C:\Users\idiaz\Documents\allin\Lens-PCB\Lens-Maker\ESP32_Block.SchDoc with ESP32-WROOM-32E from Library.IntLib
Replace Part U3 CP2102 in C:\Users\idiaz\Documents\allin\Lens-PCB\Lens-Maker\ESP32_Block.SchDoc with CP2102 from Library.IntLib
