Added Component: Designator=C1_2(0805)
Add component (AddParameter): Name = "Manufacturer"; Value = "YAGEO"; VariantName = "[No Variations]"
Add component (AddParameter): Name = "Manufacturer Part Number"; Value = "CC0805KRX7R9BB104"; VariantName = "[No Variations]"
Add component (AddParameter): Name = "Supplier"; Value = "JLCPCB"; VariantName = "[No Variations]"
Add component (AddParameter): Name = "Supplier Part Number"; Value = "C49678"; VariantName = "[No Variations]"
Add component (AddParameter): Name = "Value"; Value = "100nF"; VariantName = "[No Variations]"
Added Component: Designator=C1_3(0805)
Add component (AddParameter): Name = "Manufacturer"; Value = "YAGEO"; VariantName = "[No Variations]"
Add component (AddParameter): Name = "Manufacturer Part Number"; Value = "CC0805KRX7R9BB104"; VariantName = "[No Variations]"
Add component (AddParameter): Name = "Supplier"; Value = "JLCPCB"; VariantName = "[No Variations]"
Add component (AddParameter): Name = "Supplier Part Number"; Value = "C49678"; VariantName = "[No Variations]"
Add component (AddParameter): Name = "Value"; Value = "100nF"; VariantName = "[No Variations]"
Added Component: Designator=C2_2(0805)
Add component (AddParameter): Name = "Manufacturer"; Value = "YAGEO"; VariantName = "[No Variations]"
Add component (AddParameter): Name = "Manufacturer Part Number"; Value = "CC0805KRX7R9BB104"; VariantName = "[No Variations]"
Add component (AddParameter): Name = "Supplier"; Value = "JLCPCB"; VariantName = "[No Variations]"
Add component (AddParameter): Name = "Supplier Part Number"; Value = "C49678"; VariantName = "[No Variations]"
Add component (AddParameter): Name = "Value"; Value = "100nF"; VariantName = "[No Variations]"
Added Component: Designator=C2_3(0805)
Add component (AddParameter): Name = "Manufacturer"; Value = "YAGEO"; VariantName = "[No Variations]"
Add component (AddParameter): Name = "Manufacturer Part Number"; Value = "CC0805KRX7R9BB104"; VariantName = "[No Variations]"
Add component (AddParameter): Name = "Supplier"; Value = "JLCPCB"; VariantName = "[No Variations]"
Add component (AddParameter): Name = "Supplier Part Number"; Value = "C49678"; VariantName = "[No Variations]"
Add component (AddParameter): Name = "Value"; Value = "100nF"; VariantName = "[No Variations]"
Added Component: Designator=C3_2(0805)
Add component (AddParameter): Name = "Manufacturer"; Value = "Samsung Electro-Mechanics"; VariantName = "[No Variations]"
Add component (AddParameter): Name = "Manufacturer Part Number"; Value = "CL21B224KBFNNNE"; VariantName = "[No Variations]"
Add component (AddParameter): Name = "Supplier"; Value = "JLCPCB"; VariantName = "[No Variations]"
Add component (AddParameter): Name = "Supplier Part Number"; Value = "C5378"; VariantName = "[No Variations]"
Add component (AddParameter): Name = "Value"; Value = "220nF"; VariantName = "[No Variations]"
Added Component: Designator=C3_3(0805)
Add component (AddParameter): Name = "Manufacturer"; Value = "Samsung Electro-Mechanics"; VariantName = "[No Variations]"
Add component (AddParameter): Name = "Manufacturer Part Number"; Value = "CL21B224KBFNNNE"; VariantName = "[No Variations]"
Add component (AddParameter): Name = "Supplier"; Value = "JLCPCB"; VariantName = "[No Variations]"
Add component (AddParameter): Name = "Supplier Part Number"; Value = "C5378"; VariantName = "[No Variations]"
Add component (AddParameter): Name = "Value"; Value = "220nF"; VariantName = "[No Variations]"
Added Component: Designator=C4_2(0805)
Add component (AddParameter): Name = "Manufacturer"; Value = "YAGEO"; VariantName = "[No Variations]"
Add component (AddParameter): Name = "Manufacturer Part Number"; Value = "CC0805KRX7R9BB104"; VariantName = "[No Variations]"
Add component (AddParameter): Name = "Supplier"; Value = "JLCPCB"; VariantName = "[No Variations]"
Add component (AddParameter): Name = "Supplier Part Number"; Value = "C49678"; VariantName = "[No Variations]"
Add component (AddParameter): Name = "Value"; Value = "100nF"; VariantName = "[No Variations]"
Added Component: Designator=C4_3(0805)
Add component (AddParameter): Name = "Manufacturer"; Value = "YAGEO"; VariantName = "[No Variations]"
Add component (AddParameter): Name = "Manufacturer Part Number"; Value = "CC0805KRX7R9BB104"; VariantName = "[No Variations]"
Add component (AddParameter): Name = "Supplier"; Value = "JLCPCB"; VariantName = "[No Variations]"
Add component (AddParameter): Name = "Supplier Part Number"; Value = "C49678"; VariantName = "[No Variations]"
Add component (AddParameter): Name = "Value"; Value = "100nF"; VariantName = "[No Variations]"
Added Component: Designator=C5_2(0805)
Add component (AddParameter): Name = "Manufacturer"; Value = "YAGEO"; VariantName = "[No Variations]"
Add component (AddParameter): Name = "Manufacturer Part Number"; Value = "CC0805KRX7R9BB104"; VariantName = "[No Variations]"
Add component (AddParameter): Name = "Supplier"; Value = "JLCPCB"; VariantName = "[No Variations]"
Add component (AddParameter): Name = "Supplier Part Number"; Value = "C49678"; VariantName = "[No Variations]"
Add component (AddParameter): Name = "Value"; Value = "100nF"; VariantName = "[No Variations]"
Added Component: Designator=C5_3(0805)
Add component (AddParameter): Name = "Manufacturer"; Value = "YAGEO"; VariantName = "[No Variations]"
Add component (AddParameter): Name = "Manufacturer Part Number"; Value = "CC0805KRX7R9BB104"; VariantName = "[No Variations]"
Add component (AddParameter): Name = "Supplier"; Value = "JLCPCB"; VariantName = "[No Variations]"
Add component (AddParameter): Name = "Supplier Part Number"; Value = "C49678"; VariantName = "[No Variations]"
Add component (AddParameter): Name = "Value"; Value = "100nF"; VariantName = "[No Variations]"
Added Component: Designator=C6_2(0805)
Add component (AddParameter): Name = "Manufacturer"; Value = "Samwha Capacitor"; VariantName = "[No Variations]"
Add component (AddParameter): Name = "Manufacturer Part Number"; Value = "CS2012X7R475K350NRE"; VariantName = "[No Variations]"
Add component (AddParameter): Name = "Supplier"; Value = "JLCPCB"; VariantName = "[No Variations]"
Add component (AddParameter): Name = "Supplier Part Number"; Value = "C560882"; VariantName = "[No Variations]"
Add component (AddParameter): Name = "Value"; Value = "4.7uF"; VariantName = "[No Variations]"
Added Component: Designator=C6_3(0805)
Add component (AddParameter): Name = "Manufacturer"; Value = "Samwha Capacitor"; VariantName = "[No Variations]"
Add component (AddParameter): Name = "Manufacturer Part Number"; Value = "CS2012X7R475K350NRE"; VariantName = "[No Variations]"
Add component (AddParameter): Name = "Supplier"; Value = "JLCPCB"; VariantName = "[No Variations]"
Add component (AddParameter): Name = "Supplier Part Number"; Value = "C560882"; VariantName = "[No Variations]"
Add component (AddParameter): Name = "Value"; Value = "4.7uF"; VariantName = "[No Variations]"
Added Component: Designator=C7_2(0805)
Add component (AddParameter): Name = "Manufacturer"; Value = "Samwha Capacitor"; VariantName = "[No Variations]"
Add component (AddParameter): Name = "Manufacturer Part Number"; Value = "CS2012X7R475K350NRE"; VariantName = "[No Variations]"
Add component (AddParameter): Name = "Supplier"; Value = "JLCPCB"; VariantName = "[No Variations]"
Add component (AddParameter): Name = "Supplier Part Number"; Value = "C560882"; VariantName = "[No Variations]"
Add component (AddParameter): Name = "Value"; Value = "4.7uF"; VariantName = "[No Variations]"
Added Component: Designator=C7_3(0805)
Add component (AddParameter): Name = "Manufacturer"; Value = "Samwha Capacitor"; VariantName = "[No Variations]"
Add component (AddParameter): Name = "Manufacturer Part Number"; Value = "CS2012X7R475K350NRE"; VariantName = "[No Variations]"
Add component (AddParameter): Name = "Supplier"; Value = "JLCPCB"; VariantName = "[No Variations]"
Add component (AddParameter): Name = "Supplier Part Number"; Value = "C560882"; VariantName = "[No Variations]"
Add component (AddParameter): Name = "Value"; Value = "4.7uF"; VariantName = "[No Variations]"
Added Component: Designator=C8_2(0805)
Add component (AddParameter): Name = "Manufacturer"; Value = "TDK"; VariantName = "[No Variations]"
Add component (AddParameter): Name = "Manufacturer Part Number"; Value = "C3216X5R1E476MTJ00E"; VariantName = "[No Variations]"
Add component (AddParameter): Name = "Supplier"; Value = "JLCPCB"; VariantName = "[No Variations]"
Add component (AddParameter): Name = "Supplier Part Number"; Value = "C76659"; VariantName = "[No Variations]"
Add component (AddParameter): Name = "Value"; Value = "47uF"; VariantName = "[No Variations]"
Added Component: Designator=C8_3(0805)
Add component (AddParameter): Name = "Manufacturer"; Value = "TDK"; VariantName = "[No Variations]"
Add component (AddParameter): Name = "Manufacturer Part Number"; Value = "C3216X5R1E476MTJ00E"; VariantName = "[No Variations]"
Add component (AddParameter): Name = "Supplier"; Value = "JLCPCB"; VariantName = "[No Variations]"
Add component (AddParameter): Name = "Supplier Part Number"; Value = "C76659"; VariantName = "[No Variations]"
Add component (AddParameter): Name = "Value"; Value = "47uF"; VariantName = "[No Variations]"
Added Component: Designator=C9_2(1206)
Add component (AddParameter): Name = "Manufacturer"; Value = "TDK"; VariantName = "[No Variations]"
Add component (AddParameter): Name = "Manufacturer Part Number"; Value = "C3216X5R1E476MTJ00E"; VariantName = "[No Variations]"
Add component (AddParameter): Name = "Supplier"; Value = "JLCPCB"; VariantName = "[No Variations]"
Add component (AddParameter): Name = "Supplier Part Number"; Value = "C76659"; VariantName = "[No Variations]"
Add component (AddParameter): Name = "Value"; Value = "47uF"; VariantName = "[No Variations]"
Added Component: Designator=C9_3(1206)
Add component (AddParameter): Name = "Manufacturer"; Value = "TDK"; VariantName = "[No Variations]"
Add component (AddParameter): Name = "Manufacturer Part Number"; Value = "C3216X5R1E476MTJ00E"; VariantName = "[No Variations]"
Add component (AddParameter): Name = "Supplier"; Value = "JLCPCB"; VariantName = "[No Variations]"
Add component (AddParameter): Name = "Supplier Part Number"; Value = "C76659"; VariantName = "[No Variations]"
Add component (AddParameter): Name = "Value"; Value = "47uF"; VariantName = "[No Variations]"
Added Component: Designator=C10_2(1206)
Add component (AddParameter): Name = "Manufacturer"; Value = "TDK"; VariantName = "[No Variations]"
Add component (AddParameter): Name = "Manufacturer Part Number"; Value = "C3216X5R1E476MTJ00E"; VariantName = "[No Variations]"
Add component (AddParameter): Name = "Supplier"; Value = "JLCPCB"; VariantName = "[No Variations]"
Add component (AddParameter): Name = "Supplier Part Number"; Value = "C76659"; VariantName = "[No Variations]"
Add component (AddParameter): Name = "Value"; Value = "47uF"; VariantName = "[No Variations]"
Added Component: Designator=C10_3(1206)
Add component (AddParameter): Name = "Manufacturer"; Value = "TDK"; VariantName = "[No Variations]"
Add component (AddParameter): Name = "Manufacturer Part Number"; Value = "C3216X5R1E476MTJ00E"; VariantName = "[No Variations]"
Add component (AddParameter): Name = "Supplier"; Value = "JLCPCB"; VariantName = "[No Variations]"
Add component (AddParameter): Name = "Supplier Part Number"; Value = "C76659"; VariantName = "[No Variations]"
Add component (AddParameter): Name = "Value"; Value = "47uF"; VariantName = "[No Variations]"
Added Component: Designator=R1_2(0805)
Add component (AddParameter): Name = "Manufacturer"; Value = "UNI-ROYAL(Uniroyal Elec)"; VariantName = "[No Variations]"
Add component (AddParameter): Name = "Manufacturer Part Number"; Value = "0805W8F1002T5E"; VariantName = "[No Variations]"
Add component (AddParameter): Name = "Supplier"; Value = "JLCPCB"; VariantName = "[No Variations]"
Add component (AddParameter): Name = "Supplier Part Number"; Value = "C17414"; VariantName = "[No Variations]"
Add component (AddParameter): Name = "Value"; Value = "10K"; VariantName = "[No Variations]"
Added Component: Designator=R1_3(0805)
Add component (AddParameter): Name = "Manufacturer"; Value = "UNI-ROYAL(Uniroyal Elec)"; VariantName = "[No Variations]"
Add component (AddParameter): Name = "Manufacturer Part Number"; Value = "0805W8F1002T5E"; VariantName = "[No Variations]"
Add component (AddParameter): Name = "Supplier"; Value = "JLCPCB"; VariantName = "[No Variations]"
Add component (AddParameter): Name = "Supplier Part Number"; Value = "C17414"; VariantName = "[No Variations]"
Add component (AddParameter): Name = "Value"; Value = "10K"; VariantName = "[No Variations]"
Added Component: Designator=R2_2(0805)
Add component (AddParameter): Name = "Manufacturer"; Value = "UNI-ROYAL(Uniroyal Elec)"; VariantName = "[No Variations]"
Add component (AddParameter): Name = "Manufacturer Part Number"; Value = "0805W8F0000T5E"; VariantName = "[No Variations]"
Add component (AddParameter): Name = "Supplier"; Value = "JLCPCB"; VariantName = "[No Variations]"
Add component (AddParameter): Name = "Supplier Part Number"; Value = "C17477"; VariantName = "[No Variations]"
Add component (AddParameter): Name = "Value"; Value = "0R"; VariantName = "[No Variations]"
Added Component: Designator=R2_3(0805)
Add component (AddParameter): Name = "Manufacturer"; Value = "UNI-ROYAL(Uniroyal Elec)"; VariantName = "[No Variations]"
Add component (AddParameter): Name = "Manufacturer Part Number"; Value = "0805W8F0000T5E"; VariantName = "[No Variations]"
Add component (AddParameter): Name = "Supplier"; Value = "JLCPCB"; VariantName = "[No Variations]"
Add component (AddParameter): Name = "Supplier Part Number"; Value = "C17477"; VariantName = "[No Variations]"
Add component (AddParameter): Name = "Value"; Value = "0R"; VariantName = "[No Variations]"
Added Component: Designator=R3_2(0402)
Add component (AddParameter): Name = "Manufacturer"; Value = "PANASONIC"; VariantName = "[No Variations]"
Add component (AddParameter): Name = "Manufacturer Part Number"; Value = "ERJ2BWFR050X"; VariantName = "[No Variations]"
Add component (AddParameter): Name = "Supplier"; Value = "JLCPCB"; VariantName = "[No Variations]"
Add component (AddParameter): Name = "Supplier Part Number"; Value = "C412880"; VariantName = "[No Variations]"
Add component (AddParameter): Name = "Value"; Value = "50m"; VariantName = "[No Variations]"
Added Component: Designator=R3_3(0402)
Add component (AddParameter): Name = "Manufacturer"; Value = "PANASONIC"; VariantName = "[No Variations]"
Add component (AddParameter): Name = "Manufacturer Part Number"; Value = "ERJ2BWFR050X"; VariantName = "[No Variations]"
Add component (AddParameter): Name = "Supplier"; Value = "JLCPCB"; VariantName = "[No Variations]"
Add component (AddParameter): Name = "Supplier Part Number"; Value = "C412880"; VariantName = "[No Variations]"
Add component (AddParameter): Name = "Value"; Value = "50m"; VariantName = "[No Variations]"
Added Component: Designator=R4_2(0805)
Add component (AddParameter): Name = "Manufacturer"; Value = "FH (Guangdong Fenghua Advanced Tech)"; VariantName = "[No Variations]"
Add component (AddParameter): Name = "Manufacturer Part Number"; Value = "RS-05K104JT"; VariantName = "[No Variations]"
Add component (AddParameter): Name = "Supplier"; Value = "JLCPCB"; VariantName = "[No Variations]"
Add component (AddParameter): Name = "Supplier Part Number"; Value = "C118844"; VariantName = "[No Variations]"
Add component (AddParameter): Name = "Value"; Value = "100K"; VariantName = "[No Variations]"
Added Component: Designator=R4_3(0805)
Add component (AddParameter): Name = "Manufacturer"; Value = "FH (Guangdong Fenghua Advanced Tech)"; VariantName = "[No Variations]"
Add component (AddParameter): Name = "Manufacturer Part Number"; Value = "RS-05K104JT"; VariantName = "[No Variations]"
Add component (AddParameter): Name = "Supplier"; Value = "JLCPCB"; VariantName = "[No Variations]"
Add component (AddParameter): Name = "Supplier Part Number"; Value = "C118844"; VariantName = "[No Variations]"
Add component (AddParameter): Name = "Value"; Value = "100K"; VariantName = "[No Variations]"
Added Component: Designator=R5_2(0402)
Add component (AddParameter): Name = "Manufacturer"; Value = "PANASONIC"; VariantName = "[No Variations]"
Add component (AddParameter): Name = "Manufacturer Part Number"; Value = "ERJ2BWFR050X"; VariantName = "[No Variations]"
Add component (AddParameter): Name = "Supplier"; Value = "JLCPCB"; VariantName = "[No Variations]"
Add component (AddParameter): Name = "Supplier Part Number"; Value = "C412880"; VariantName = "[No Variations]"
Add component (AddParameter): Name = "Value"; Value = "50m"; VariantName = "[No Variations]"
Added Component: Designator=R5_3(0402)
Add component (AddParameter): Name = "Manufacturer"; Value = "PANASONIC"; VariantName = "[No Variations]"
Add component (AddParameter): Name = "Manufacturer Part Number"; Value = "ERJ2BWFR050X"; VariantName = "[No Variations]"
Add component (AddParameter): Name = "Supplier"; Value = "JLCPCB"; VariantName = "[No Variations]"
Add component (AddParameter): Name = "Supplier Part Number"; Value = "C412880"; VariantName = "[No Variations]"
Add component (AddParameter): Name = "Value"; Value = "50m"; VariantName = "[No Variations]"
Added Component: Designator=R6_2(0805)
Add component (AddParameter): Name = "Manufacturer"; Value = "FH (Guangdong Fenghua Advanced Tech)"; VariantName = "[No Variations]"
Add component (AddParameter): Name = "Manufacturer Part Number"; Value = "RS-05K104JT"; VariantName = "[No Variations]"
Add component (AddParameter): Name = "Supplier"; Value = "JLCPCB"; VariantName = "[No Variations]"
Add component (AddParameter): Name = "Supplier Part Number"; Value = "C118844"; VariantName = "[No Variations]"
Add component (AddParameter): Name = "Value"; Value = "100K"; VariantName = "[No Variations]"
Added Component: Designator=R6_3(0805)
Add component (AddParameter): Name = "Manufacturer"; Value = "FH (Guangdong Fenghua Advanced Tech)"; VariantName = "[No Variations]"
Add component (AddParameter): Name = "Manufacturer Part Number"; Value = "RS-05K104JT"; VariantName = "[No Variations]"
Add component (AddParameter): Name = "Supplier"; Value = "JLCPCB"; VariantName = "[No Variations]"
Add component (AddParameter): Name = "Supplier Part Number"; Value = "C118844"; VariantName = "[No Variations]"
Add component (AddParameter): Name = "Value"; Value = "100K"; VariantName = "[No Variations]"
Added Component: Designator=R7_2(0805)
Add component (AddParameter): Name = "Comments"; Value = "DNP"; VariantName = "[No Variations]"
Add component (AddParameter): Name = "Manufacturer"; Value = "FH (Guangdong Fenghua Advanced Tech)"; VariantName = "[No Variations]"
Add component (AddParameter): Name = "Manufacturer Part Number"; Value = "RS-05K104JT"; VariantName = "[No Variations]"
Add component (AddParameter): Name = "Supplier"; Value = "JLCPCB"; VariantName = "[No Variations]"
Add component (AddParameter): Name = "Supplier Part Number"; Value = "C118844"; VariantName = "[No Variations]"
Add component (AddParameter): Name = "Value"; Value = "100K"; VariantName = "[No Variations]"
Added Component: Designator=R7_3(0805)
Add component (AddParameter): Name = "Comments"; Value = "DNP"; VariantName = "[No Variations]"
Add component (AddParameter): Name = "Manufacturer"; Value = "FH (Guangdong Fenghua Advanced Tech)"; VariantName = "[No Variations]"
Add component (AddParameter): Name = "Manufacturer Part Number"; Value = "RS-05K104JT"; VariantName = "[No Variations]"
Add component (AddParameter): Name = "Supplier"; Value = "JLCPCB"; VariantName = "[No Variations]"
Add component (AddParameter): Name = "Supplier Part Number"; Value = "C118844"; VariantName = "[No Variations]"
Add component (AddParameter): Name = "Value"; Value = "100K"; VariantName = "[No Variations]"
Added Component: Designator=U1_2(28-QFN)
Add component (AddParameter): Name = "Manufacturer"; Value = "Allegro MicroSystems"; VariantName = "[No Variations]"
Add component (AddParameter): Name = "Manufacturer Part Number"; Value = "A4988SETTR-T"; VariantName = "[No Variations]"
Add component (AddParameter): Name = "Supplier"; Value = "Digikey"; VariantName = "[No Variations]"
Add component (AddParameter): Name = "Supplier Part Number"; Value = "620-1343-1-ND"; VariantName = "[No Variations]"
Added Component: Designator=U1_3(28-QFN)
Add component (AddParameter): Name = "Manufacturer"; Value = "Allegro MicroSystems"; VariantName = "[No Variations]"
Add component (AddParameter): Name = "Manufacturer Part Number"; Value = "A4988SETTR-T"; VariantName = "[No Variations]"
Add component (AddParameter): Name = "Supplier"; Value = "Digikey"; VariantName = "[No Variations]"
Add component (AddParameter): Name = "Supplier Part Number"; Value = "620-1343-1-ND"; VariantName = "[No Variations]"
Added Pin To Net: NetName=NetC1_2_1 Pin=C1_2-1
Added Pin To Net: NetName=NetC1_2_2 Pin=C1_2-2
Added Pin To Net: NetName=NetC1_3_1 Pin=C1_3-1
Added Pin To Net: NetName=NetC1_3_2 Pin=C1_3-2
Added Pin To Net: NetName=3V3 Pin=C2_2-1
Added Pin To Net: NetName=NetC2_2_2 Pin=C2_2-2
Added Pin To Net: NetName=3V3 Pin=C2_3-1
Added Pin To Net: NetName=NetC2_3_2 Pin=C2_3-2
Added Pin To Net: NetName=GND Pin=C3_2-1
Added Pin To Net: NetName=NetC3_2_2 Pin=C3_2-2
Added Pin To Net: NetName=GND Pin=C3_3-1
Added Pin To Net: NetName=NetC3_3_2 Pin=C3_3-2
Added Pin To Net: NetName=GND Pin=C4_2-1
Added Pin To Net: NetName=V_MOT Pin=C4_2-2
Added Pin To Net: NetName=GND Pin=C4_3-1
Added Pin To Net: NetName=V_MOT Pin=C4_3-2
Added Pin To Net: NetName=GND Pin=C5_2-1
Added Pin To Net: NetName=V_MOT Pin=C5_2-2
Added Pin To Net: NetName=GND Pin=C5_3-1
Added Pin To Net: NetName=V_MOT Pin=C5_3-2
Added Pin To Net: NetName=V_MOT Pin=C6_2-1
Added Pin To Net: NetName=GND Pin=C6_2-2
Added Pin To Net: NetName=V_MOT Pin=C6_3-1
Added Pin To Net: NetName=GND Pin=C6_3-2
Added Pin To Net: NetName=V_MOT Pin=C7_2-1
Added Pin To Net: NetName=GND Pin=C7_2-2
Added Pin To Net: NetName=V_MOT Pin=C7_3-1
Added Pin To Net: NetName=GND Pin=C7_3-2
Added Pin To Net: NetName=V_MOT Pin=C8_2-1
Added Pin To Net: NetName=GND Pin=C8_2-2
Added Pin To Net: NetName=V_MOT Pin=C8_3-1
Added Pin To Net: NetName=GND Pin=C8_3-2
Added Pin To Net: NetName=V_MOT Pin=C9_2-1
Added Pin To Net: NetName=GND Pin=C9_2-2
Added Pin To Net: NetName=V_MOT Pin=C9_3-1
Added Pin To Net: NetName=GND Pin=C9_3-2
Added Pin To Net: NetName=V_MOT Pin=C10_2-1
Added Pin To Net: NetName=GND Pin=C10_2-2
Added Pin To Net: NetName=V_MOT Pin=C10_3-1
Added Pin To Net: NetName=GND Pin=C10_3-2
Added Pin To Net: NetName=GND Pin=R1_2-1
Added Pin To Net: NetName=NetR1_2_2 Pin=R1_2-2
Added Pin To Net: NetName=GND Pin=R1_3-1
Added Pin To Net: NetName=NetR1_3_2 Pin=R1_3-2
Added Pin To Net: NetName=3V3 Pin=R2_2-1
Added Pin To Net: NetName=NetR2_2_2 Pin=R2_2-2
Added Pin To Net: NetName=3V3 Pin=R2_3-1
Added Pin To Net: NetName=NetR2_3_2 Pin=R2_3-2
Added Pin To Net: NetName=GND Pin=R3_2-1
Added Pin To Net: NetName=SENSE2_2 Pin=R3_2-2
Added Pin To Net: NetName=GND Pin=R3_3-1
Added Pin To Net: NetName=SENSE2_3 Pin=R3_3-2
Added Pin To Net: NetName=3V3 Pin=R4_2-1
Added Pin To Net: NetName=S\L\E\E\P\_2 Pin=R4_2-2
Added Pin To Net: NetName=3V3 Pin=R4_3-1
Added Pin To Net: NetName=S\L\E\E\P\_3 Pin=R4_3-2
Added Pin To Net: NetName=GND Pin=R5_2-1
Added Pin To Net: NetName=SENSE1_2 Pin=R5_2-2
Added Pin To Net: NetName=GND Pin=R5_3-1
Added Pin To Net: NetName=SENSE1_3 Pin=R5_3-2
Added Pin To Net: NetName=E\N\_2 Pin=R6_2-1
Added Pin To Net: NetName=GND Pin=R6_2-2
Added Pin To Net: NetName=E\N\_3 Pin=R6_3-1
Added Pin To Net: NetName=GND Pin=R6_3-2
Added Pin To Net: NetName=NetR2_2_2 Pin=R7_2-1
Added Pin To Net: NetName=GND Pin=R7_2-2
Added Pin To Net: NetName=NetR2_3_2 Pin=R7_3-1
Added Pin To Net: NetName=GND Pin=R7_3-2
Added Pin To Net: NetName=2B_2 Pin=U1_2-1
Added Pin To Net: NetName=E\N\_2 Pin=U1_2-2
Added Pin To Net: NetName=GND Pin=U1_2-3
Added Pin To Net: NetName=NetC1_2_2 Pin=U1_2-4
Added Pin To Net: NetName=NetC1_2_1 Pin=U1_2-5
Added Pin To Net: NetName=NetC2_2_2 Pin=U1_2-6
Added Pin To Net: NetName=NetC3_2_2 Pin=U1_2-8
Added Pin To Net: NetName=MS1_2 Pin=U1_2-9
Added Pin To Net: NetName=MS2_2 Pin=U1_2-10
Added Pin To Net: NetName=MS3_2 Pin=U1_2-11
Added Pin To Net: NetName=R\S\T\_2 Pin=U1_2-12
Added Pin To Net: NetName=NetR1_2_2 Pin=U1_2-13
Added Pin To Net: NetName=S\L\E\E\P\_2 Pin=U1_2-14
Added Pin To Net: NetName=3V3 Pin=U1_2-15
Added Pin To Net: NetName=STEP_2 Pin=U1_2-16
Added Pin To Net: NetName=NetR2_2_2 Pin=U1_2-17
Added Pin To Net: NetName=GND Pin=U1_2-18
Added Pin To Net: NetName=DIR_2 Pin=U1_2-19
Added Pin To Net: NetName=1B_2 Pin=U1_2-21
Added Pin To Net: NetName=V_MOT Pin=U1_2-22
Added Pin To Net: NetName=SENSE1_2 Pin=U1_2-23
Added Pin To Net: NetName=1A_2 Pin=U1_2-24
Added Pin To Net: NetName=2A_2 Pin=U1_2-26
Added Pin To Net: NetName=SENSE2_2 Pin=U1_2-27
Added Pin To Net: NetName=V_MOT Pin=U1_2-28
Added Pin To Net: NetName=GND Pin=U1_2-29
Added Pin To Net: NetName=2B_3 Pin=U1_3-1
Added Pin To Net: NetName=E\N\_3 Pin=U1_3-2
Added Pin To Net: NetName=GND Pin=U1_3-3
Added Pin To Net: NetName=NetC1_3_2 Pin=U1_3-4
Added Pin To Net: NetName=NetC1_3_1 Pin=U1_3-5
Added Pin To Net: NetName=NetC2_3_2 Pin=U1_3-6
Added Pin To Net: NetName=NetC3_3_2 Pin=U1_3-8
Added Pin To Net: NetName=MS1_3 Pin=U1_3-9
Added Pin To Net: NetName=MS2_3 Pin=U1_3-10
Added Pin To Net: NetName=MS3_3 Pin=U1_3-11
Added Pin To Net: NetName=R\S\T\_3 Pin=U1_3-12
Added Pin To Net: NetName=NetR1_3_2 Pin=U1_3-13
Added Pin To Net: NetName=S\L\E\E\P\_3 Pin=U1_3-14
Added Pin To Net: NetName=3V3 Pin=U1_3-15
Added Pin To Net: NetName=STEP_3 Pin=U1_3-16
Added Pin To Net: NetName=NetR2_3_2 Pin=U1_3-17
Added Pin To Net: NetName=GND Pin=U1_3-18
Added Pin To Net: NetName=DIR_3 Pin=U1_3-19
Added Pin To Net: NetName=1B_3 Pin=U1_3-21
Added Pin To Net: NetName=V_MOT Pin=U1_3-22
Added Pin To Net: NetName=SENSE1_3 Pin=U1_3-23
Added Pin To Net: NetName=1A_3 Pin=U1_3-24
Added Pin To Net: NetName=2A_3 Pin=U1_3-26
Added Pin To Net: NetName=SENSE2_3 Pin=U1_3-27
Added Pin To Net: NetName=V_MOT Pin=U1_3-28
Added Pin To Net: NetName=GND Pin=U1_3-29
Added Member To Class: ClassName=U_A49882 Member=Component C1_2 (C1) CAP
Added Member To Class: ClassName=U_A49883 Member=Component C1_3 (C1) CAP
Added Member To Class: ClassName=U_A49882 Member=Component C2_2 (C2) CAP
Added Member To Class: ClassName=U_A49883 Member=Component C2_3 (C2) CAP
Added Member To Class: ClassName=U_A49882 Member=Component C3_2 (C3) CAP
Added Member To Class: ClassName=U_A49883 Member=Component C3_3 (C3) CAP
Added Member To Class: ClassName=U_A49882 Member=Component C4_2 (C4) CAP
Added Member To Class: ClassName=U_A49883 Member=Component C4_3 (C4) CAP
Added Member To Class: ClassName=U_A49882 Member=Component C5_2 (C5) CAP
Added Member To Class: ClassName=U_A49883 Member=Component C5_3 (C5) CAP
Added Member To Class: ClassName=U_A49882 Member=Component C6_2 (C6) CAP
Added Member To Class: ClassName=U_A49883 Member=Component C6_3 (C6) CAP
Added Member To Class: ClassName=U_A49882 Member=Component C7_2 (C7) CAP
Added Member To Class: ClassName=U_A49883 Member=Component C7_3 (C7) CAP
Added Member To Class: ClassName=U_A49882 Member=Component C8_2 (C8) CAP
Added Member To Class: ClassName=U_A49883 Member=Component C8_3 (C8) CAP
Added Member To Class: ClassName=U_A49882 Member=Component C9_2 (C9) CAP
Added Member To Class: ClassName=U_A49883 Member=Component C9_3 (C9) CAP
Added Member To Class: ClassName=U_A49882 Member=Component C10_2 (C10) CAP
Added Member To Class: ClassName=U_A49883 Member=Component C10_3 (C10) CAP
Added Member To Class: ClassName=U_A49882 Member=Component R1_2 (R1) RES
Added Member To Class: ClassName=U_A49883 Member=Component R1_3 (R1) RES
Added Member To Class: ClassName=U_A49882 Member=Component R2_2 (R2) RES
Added Member To Class: ClassName=U_A49883 Member=Component R2_3 (R2) RES
Added Member To Class: ClassName=U_A49882 Member=Component R3_2 (R3) RES
Added Member To Class: ClassName=U_A49883 Member=Component R3_3 (R3) RES
Added Member To Class: ClassName=U_A49882 Member=Component R4_2 (R4) RES
Added Member To Class: ClassName=U_A49883 Member=Component R4_3 (R4) RES
Added Member To Class: ClassName=U_A49882 Member=Component R5_2 (R5) RES
Added Member To Class: ClassName=U_A49883 Member=Component R5_3 (R5) RES
Added Member To Class: ClassName=U_A49882 Member=Component R6_2 (R6) RES
Added Member To Class: ClassName=U_A49883 Member=Component R6_3 (R6) RES
Added Member To Class: ClassName=U_A49882 Member=Component R7_2 (R7) RES
Added Member To Class: ClassName=U_A49883 Member=Component R7_3 (R7) RES
Added Member To Class: ClassName=U_A49882 Member=Component U1_2 (U1) A4988
Added Member To Class: ClassName=U_A49883 Member=Component U1_3 (U1) A4988
Added Room: Name=U_A49882
Added Room: Name=U_A49883
