Added Component: Designator=C1_1(0805)
Added Component: Designator=C1_2(0805)
Added Component: Designator=C1_3(0805)
Added Component: Designator=C2_1(0805)
Added Component: Designator=C2_2(0805)
Added Component: Designator=C2_3(0805)
Added Component: Designator=C3_1(0805)
Added Component: Designator=C3_2(0805)
Added Component: Designator=C3_3(0805)
Added Component: Designator=C4_1(0805)
Added Component: Designator=C4_2(0805)
Added Component: Designator=C4_3(0805)
Added Component: Designator=C5_1(0805)
Added Component: Designator=C5_2(0805)
Added Component: Designator=C5_3(0805)
Added Component: Designator=C6_1(0805)
Added Component: Designator=C6_2(0805)
Added Component: Designator=C6_3(0805)
Added Component: Designator=C7_1(0805)
Added Component: Designator=C7_2(0805)
Added Component: Designator=C7_3(0805)
Added Component: Designator=C8_1(0805)
Added Component: Designator=C8_2(0805)
Added Component: Designator=C8_3(0805)
Added Component: Designator=C9_1(1206)
Added Component: Designator=C9_2(1206)
Added Component: Designator=C9_3(1206)
Added Component: Designator=C10_1(1206)
Added Component: Designator=C10_2(1206)
Added Component: Designator=C10_3(1206)
Added Component: Designator=D1(0805)
Added Component: Designator=P1(DC-005 2.0)
Added Component: Designator=P2(WJ124-3.81-4P)
Added Component: Designator=P3(WJ124-3.81-4P)
Added Component: Designator=P4(WJ124-3.81-4P)
Added Component: Designator=R1_1(0805)
Added Component: Designator=R1_2(0805)
Added Component: Designator=R1_3(0805)
Added Component: Designator=R2_1(0805)
Added Component: Designator=R2_2(0805)
Added Component: Designator=R2_3(0805)
Added Component: Designator=R3_1(0402)
Added Component: Designator=R3_2(0402)
Added Component: Designator=R3_3(0402)
Added Component: Designator=R4_1(0805)
Added Component: Designator=R4_2(0805)
Added Component: Designator=R4_3(0805)
Added Component: Designator=R5_1(0402)
Added Component: Designator=R5_2(0402)
Added Component: Designator=R5_3(0402)
Added Component: Designator=R6_1(0805)
Added Component: Designator=R6_2(0805)
Added Component: Designator=R6_3(0805)
Added Component: Designator=R7_1(0805)
Added Component: Designator=R7_2(0805)
Added Component: Designator=R7_3(0805)
Added Component: Designator=R8(0805)
Added Component: Designator=U1_1(28-QFN)
Added Component: Designator=U1_2(28-QFN)
Added Component: Designator=U1_3(28-QFN)
Added Net: Name=1A_1
Added Net: Name=1A_2
Added Net: Name=1A_3
Added Net: Name=1B_1
Added Net: Name=1B_2
Added Net: Name=1B_3
Added Net: Name=2A_1
Added Net: Name=2A_2
Added Net: Name=2A_3
Added Net: Name=2B_1
Added Net: Name=2B_2
Added Net: Name=2B_3
Added Net: Name=3V3
Added Net: Name=DIR_1
Added Net: Name=DIR_2
Added Net: Name=DIR_3
Added Net: Name=E\N\_1
Added Net: Name=E\N\_2
Added Net: Name=E\N\_3
Added Net: Name=GND
Added Net: Name=MS1_1
Added Net: Name=MS1_2
Added Net: Name=MS1_3
Added Net: Name=MS2_1
Added Net: Name=MS2_2
Added Net: Name=MS2_3
Added Net: Name=MS3_1
Added Net: Name=MS3_2
Added Net: Name=MS3_3
Added Net: Name=NetC1_1_1
Added Net: Name=NetC1_1_2
Added Net: Name=NetC1_2_1
Added Net: Name=NetC1_2_2
Added Net: Name=NetC1_3_1
Added Net: Name=NetC1_3_2
Added Net: Name=NetC2_1_2
Added Net: Name=NetC2_2_2
Added Net: Name=NetC2_3_2
Added Net: Name=NetC3_1_2
Added Net: Name=NetC3_2_2
Added Net: Name=NetC3_3_2
Added Net: Name=NetD1_2
Added Net: Name=NetR1_1_2
Added Net: Name=NetR1_2_2
Added Net: Name=NetR1_3_2
Added Net: Name=NetR2_1_2
Added Net: Name=NetR2_2_2
Added Net: Name=NetR2_3_2
Added Net: Name=R\S\T\_1
Added Net: Name=R\S\T\_2
Added Net: Name=R\S\T\_3
Added Net: Name=S\L\E\E\P\_1
Added Net: Name=S\L\E\E\P\_2
Added Net: Name=S\L\E\E\P\_3
Added Net: Name=SENSE1_1
Added Net: Name=SENSE1_2
Added Net: Name=SENSE1_3
Added Net: Name=SENSE2_1
Added Net: Name=SENSE2_2
Added Net: Name=SENSE2_3
Added Net: Name=STEP_1
Added Net: Name=STEP_2
Added Net: Name=STEP_3
Added Net: Name=V_MOT
Added Class: Name=Stepper_Driver
Added Class: Name=U_A49881
Added Class: Name=U_A49882
Added Class: Name=U_A49883
Added Class: Name=A4988
Added Room: Name=Stepper_Driver
Added Room: Name=U_A49881
Added Room: Name=U_A49882
Added Room: Name=U_A49883
